<?xml version="1.0" encoding="UTF-8"?>
<!-- Generated by org.testng.reporters.JUnitXMLReporter -->
<testsuite ignored="0" hostname="Hidden-Leaf-Village" failures="0" tests="2" name="Surefire test" time="17.084" errors="0" timestamp="2025-08-05T12:46:14 IST">
  <testcase classname="io.cucumber.testng.AbstractTestNGCucumberTests" name="runScenario" time="9.394"/>
  <testcase classname="io.cucumber.testng.AbstractTestNGCucumberTests" name="runScenario" time="6.973"/>
</testsuite> <!-- Surefire test -->
